<?xml version="1.0" encoding="UTF-8"?>
<testng-results ignored="0" total="1" passed="1" failed="0" skipped="0">
  <reporter-output>
  </reporter-output>
  <suite started-at="2024-05-23T16:06:07 IST" name="Default suite" finished-at="2024-05-23T16:06:07 IST" duration-ms="211">
    <groups>
    </groups>
    <test started-at="2024-05-23T16:06:07 IST" name="Default test" finished-at="2024-05-23T16:06:07 IST" duration-ms="211">
      <class name="javaPackage.Test1">
        <test-method signature="b()[pri:0, instance:javaPackage.Test1@3514a4c0]" started-at="2024-05-23T16:06:07 IST" name="b" finished-at="2024-05-23T16:06:07 IST" duration-ms="35" status="PASS">
          <reporter-output>
          </reporter-output>
        </test-method> <!-- b -->
      </class> <!-- javaPackage.Test1 -->
    </test> <!-- Default test -->
  </suite> <!-- Default suite -->
</testng-results>
